c:\project\kadai3\kadai3\x64\debug\vc143.pdb
c:\project\kadai3\kadai3\x64\debug\vc143.idb
c:\project\kadai3\kadai3\x64\debug\asoutility.obj
c:\project\kadai3\kadai3\x64\debug\uibutton.obj
c:\project\kadai3\kadai3\x64\debug\titlescene.obj
c:\project\kadai3\kadai3\x64\debug\scenemanager.obj
c:\project\kadai3\kadai3\x64\debug\scenebase.obj
c:\project\kadai3\kadai3\x64\debug\player.obj
c:\project\kadai3\kadai3\x64\debug\main.obj
c:\project\kadai3\kadai3\x64\debug\loading.obj
c:\project\kadai3\kadai3\x64\debug\inputmanager.obj
c:\project\kadai3\kadai3\x64\debug\grid.obj
c:\project\kadai3\kadai3\x64\debug\block.obj
c:\project\kadai3\kadai3\x64\debug\fpscontrol.obj
c:\project\kadai3\kadai3\x64\debug\vector2.obj
c:\project\kadai3\kadai3\x64\debug\quaternion.obj
c:\project\kadai3\kadai3\x64\debug\camera.obj
c:\project\kadai3\kadai3\x64\debug\application.obj
c:\project\kadai3\kadai3\x64\debug\kadai3.vcxproj.filelistabsolute.txt
c:\project\kadai3\kadai3\x64\debug\kadai3.tlog\cl.command.1.tlog
c:\project\kadai3\kadai3\x64\debug\kadai3.tlog\cl.read.1.tlog
c:\project\kadai3\kadai3\x64\debug\kadai3.tlog\cl.write.1.tlog
